[INFO] 2023-05-07 10:04:53,630 - Starting 0H:50M:0S study session.
[INFO] 2023-05-07 13:12:08,902 - Finished study session.
[INFO] 2023-05-07 13:12:10,260 - Starting 0H:10M:0S short break
[INFO] 2023-05-07 13:22:21,727 - Finished short break
[INFO] 2023-05-07 13:22:23,021 - Starting 0H:50M:0S study session.
[INFO] 2023-05-07 14:14:28,090 - Finished study session.
[INFO] 2023-05-07 14:14:29,370 - Starting 0H:20M:0S long break
[INFO] 2023-05-07 14:38:13,347 - Finished long break
[INFO] 2023-05-07 14:38:14,647 - Starting 0H:50M:0S study session.
[INFO] 2023-05-07 15:31:21,032 - Finished study session.
[INFO] 2023-05-07 15:31:22,378 - Starting 0H:10M:0S short break
[INFO] 2023-05-07 15:41:33,346 - Finished short break
[INFO] 2023-05-07 15:41:34,673 - Starting 0H:50M:0S study session.
[INFO] 2023-05-07 17:36:19,878 - Finished study session.
[INFO] 2023-05-07 17:36:21,158 - Starting 0H:20M:0S long break
[INFO] 2023-05-07 17:56:42,294 - Finished long break
[INFO] 2023-05-07 18:14:09,422 - Starting 0H:50M:0S study session.
[INFO] 2023-05-07 19:04:56,603 - Finished study session.

[INFO] 2023-05-29 17:20:52,589 - Starting 0H:50M:0S study session.
[INFO] 2023-05-29 17:20:55,894 - Paused
[INFO] 2023-05-29 17:20:55,897 - Unpaused
[INFO] 2023-06-09 12:24:18,280 - Starting 0H:0M:0S study session.
[INFO] 2023-06-09 12:24:19,654 - Finished study session.
[INFO] 2023-06-09 12:24:21,058 - Starting 0H:0M:0S short break
[INFO] 2023-06-09 12:24:22,089 - Finished short break
[INFO] 2023-06-09 12:24:23,425 - Starting 0H:0M:0S study session.
[INFO] 2023-06-09 12:24:24,439 - Paused
[INFO] 2023-06-09 12:24:25,589 - Unpaused
[INFO] 2023-06-09 12:24:25,589 - Finished study session.
[INFO] 2023-06-09 12:24:26,895 - Starting 0H:20M:0S long break
[INFO] 2023-06-09 12:25:05,117 - Starting 0H:50M:0S study session.
[INFO] 2023-06-09 12:48:36,404 - Paused
[INFO] 2023-06-09 12:55:04,974 - Unpaused
[INFO] 2023-06-09 13:00:34,191 - Paused
[INFO] 2023-06-09 13:06:01,949 - Unpaused
[INFO] 2023-06-09 13:27:34,590 - Finished study session.
[INFO] 2023-06-09 13:27:35,987 - Starting 0H:10M:0S short break
[INFO] 2023-06-09 13:37:43,081 - Finished short break
[INFO] 2023-06-09 13:37:44,353 - Starting 0H:50M:0S study session.
[INFO] 2023-06-09 13:37:45,363 - Paused
[INFO] 2023-06-09 15:50:26,463 - Starting 0H:50M:0S study session.
[INFO] 2023-06-09 15:50:34,241 - Paused
[INFO] 2023-06-09 16:03:12,108 - Unpaused
[INFO] 2023-06-09 16:53:39,017 - Finished study session.
[INFO] 2023-06-09 16:53:40,294 - Starting 0H:10M:0S short break
[INFO] 2023-06-09 17:03:47,366 - Finished short break
[INFO] 2023-06-09 17:03:48,637 - Starting 0H:50M:0S study session.
[INFO] 2023-06-09 17:03:49,646 - Paused
[INFO] 2023-06-09 17:20:14,727 - Unpaused
[INFO] 2023-06-09 18:10:45,437 - Finished study session.
[INFO] 2023-06-09 18:10:46,678 - Starting 0H:10M:0S short break
[INFO] 2023-06-09 18:20:53,507 - Finished short break
[INFO] 2023-06-09 18:20:54,781 - Starting 0H:50M:0S study session.
[INFO] 2023-06-09 18:20:55,790 - Paused
[INFO] 2023-06-09 18:33:20,307 - Unpaused
[INFO] 2023-06-09 19:23:50,132 - Finished study session.
[INFO] 2023-06-09 19:23:51,443 - Starting 0H:20M:0S long break
[INFO] 2023-06-09 19:44:04,447 - Finished long break
[INFO] 2023-06-09 19:44:06,090 - Starting 0H:50M:0S study session.
[INFO] 2023-06-09 19:44:07,100 - Paused
[INFO] 2023-06-30 12:36:37,892 - Starting 0H:50M:0S study session.
[INFO] 2023-06-30 12:36:40,093 - Paused
[INFO] 2023-06-30 12:36:41,146 - Unpaused
[INFO] 2023-12-11 15:14:57,517 - Starting 0H:0M:0S study session.
[INFO] 2023-12-11 15:14:58,562 - Finished study session.
[INFO] 2023-12-11 15:14:59,943 - Starting 0H:0M:0S short break
[INFO] 2023-12-11 15:15:00,963 - Finished short break
[INFO] 2023-12-11 15:15:02,256 - Starting 0H:0M:0S study session.
[INFO] 2023-12-11 15:15:03,280 - Paused
[INFO] 2023-12-11 15:15:23,491 - Unpaused
[INFO] 2023-12-11 15:15:23,492 - Finished study session.
[INFO] 2023-12-11 15:15:24,805 - Starting 0H:10M:0S short break
[INFO] 2023-12-11 15:15:38,079 - Starting 0H:50M:0S study session.
[INFO] 2023-12-11 15:43:29,911 - Paused
[INFO] 2023-12-11 15:50:52,851 - Unpaused
[INFO] 2023-12-11 16:13:52,443 - Finished study session.
[INFO] 2023-12-11 16:13:53,824 - Starting 0H:10M:0S short break
[INFO] 2023-12-11 16:24:04,388 - Finished short break
[INFO] 2023-12-11 16:24:05,666 - Starting 0H:50M:0S study session.
[INFO] 2023-12-11 16:24:06,682 - Paused
[INFO] 2023-12-23 11:39:55,960 - Starting 0H:50M:0S study session.
[INFO] 2023-12-23 12:30:44,675 - Finished study session.
[INFO] 2023-12-23 12:30:46,055 - Starting 0H:10M:0S short break
[INFO] 2023-12-23 12:40:56,122 - Finished short break
[INFO] 2023-12-23 12:40:57,360 - Starting 0H:50M:0S study session.
[INFO] 2023-12-23 12:40:58,373 - Paused
[INFO] 2023-12-23 13:04:01,295 - Unpaused
[INFO] 2023-12-23 13:54:49,909 - Finished study session.
[INFO] 2023-12-23 13:54:51,119 - Starting 0H:10M:0S short break
[INFO] 2023-12-23 13:56:39,898 - Paused
[INFO] 2024-01-23 14:26:32,378 - Starting 0H:50M:0S study session.
